<?xml version="1.0" encoding="UTF-8"?>
<testng-results skipped="0" failed="0" ignored="0" total="1" passed="1">
  <reporter-output>
  </reporter-output>
  <suite name="Default suite" duration-ms="4990" started-at="2020-07-27T21:46:11 EDT" finished-at="2020-07-27T21:46:16 EDT">
    <groups>
    </groups>
    <test name="Default test" duration-ms="4990" started-at="2020-07-27T21:46:11 EDT" finished-at="2020-07-27T21:46:16 EDT">
      <class name="test.Testss">
        <test-method status="PASS" signature="testing()[pri:0, instance:test.Testss@3a883ce7]" name="testing" duration-ms="4947" started-at="2020-07-27T21:46:11 EDT" finished-at="2020-07-27T21:46:16 EDT">
          <reporter-output>
          </reporter-output>
        </test-method> <!-- testing -->
      </class> <!-- test.Testss -->
    </test> <!-- Default test -->
  </suite> <!-- Default suite -->
</testng-results>
